<?xml version="1.0" encoding="UTF-8"?>
<!-- Generated by org.testng.reporters.JUnitXMLReporter -->
<testsuite ignored="3" hostname="LPFKOL015150" failures="0" tests="4" name="TestAll" time="52.133" errors="0" timestamp="2024-12-17T11:45:25 IST">
  <testcase classname="TestClass.CreateTemplateTest" name="createTemplate" time="13.299"/>
  <testcase classname="TestClass.CreateSegmentTest" name="createSegmentCX" time="6.183"/>
  <testcase classname="TestClass.AudienceConfigurationTest" name="createUserCustomAttribute" time="4.459"/>
  <testcase classname="TestClass.LoginTest" name="userLoginAndLogOut" time="9.932"/>
  <testcase classname="BaseClass.BaseClass" name="@BeforeTest loadPropertiesFile" time="0.0">
    <ignored/>
  </testcase> <!-- @BeforeTest loadPropertiesFile -->
  <testcase classname="BaseClass.BaseClass" name="@BeforeTest loadPropertiesFile" time="0.0">
    <ignored/>
  </testcase> <!-- @BeforeTest loadPropertiesFile -->
  <testcase classname="BaseClass.BaseClass" name="@BeforeTest loadPropertiesFile" time="0.0">
    <ignored/>
  </testcase> <!-- @BeforeTest loadPropertiesFile -->
</testsuite> <!-- TestAll -->
