<?xml version="1.0" encoding="UTF-8"?>
<testng-results ignored="0" total="4" passed="4" failed="0" skipped="0">
  <reporter-output>
  </reporter-output>
  <suite started-at="2024-12-17T11:44:32 IST" name="Suite" finished-at="2024-12-17T11:45:24 IST" duration-ms="52133">
    <groups>
    </groups>
    <test started-at="2024-12-17T11:44:32 IST" name="TestAll" finished-at="2024-12-17T11:45:24 IST" duration-ms="52133">
      <class name="TestClass.AudienceConfigurationTest">
        <test-method is-config="true" signature="start()[pri:0, instance:TestClass.AudienceConfigurationTest@459e9125]" started-at="2024-12-17T11:45:01 IST" name="start" finished-at="2024-12-17T11:45:05 IST" duration-ms="4412" status="PASS">
          <reporter-output>
          </reporter-output>
        </test-method> <!-- start -->
        <test-method signature="createUserCustomAttribute()[pri:1, instance:TestClass.AudienceConfigurationTest@459e9125]" started-at="2024-12-17T11:45:05 IST" name="createUserCustomAttribute" finished-at="2024-12-17T11:45:10 IST" duration-ms="4459" status="PASS">
          <reporter-output>
          </reporter-output>
        </test-method> <!-- createUserCustomAttribute -->
        <test-method is-config="true" signature="close()[pri:0, instance:TestClass.AudienceConfigurationTest@459e9125]" started-at="2024-12-17T11:45:10 IST" name="close" finished-at="2024-12-17T11:45:10 IST" duration-ms="310" status="PASS">
          <reporter-output>
          </reporter-output>
        </test-method> <!-- close -->
      </class> <!-- TestClass.AudienceConfigurationTest -->
      <class name="TestClass.CreateSegmentTest">
        <test-method is-config="true" signature="start()[pri:0, instance:TestClass.CreateSegmentTest@6f1de4c7]" started-at="2024-12-17T11:44:50 IST" name="start" finished-at="2024-12-17T11:44:54 IST" duration-ms="3925" status="PASS">
          <reporter-output>
          </reporter-output>
        </test-method> <!-- start -->
        <test-method signature="createSegmentCX()[pri:1, instance:TestClass.CreateSegmentTest@6f1de4c7]" started-at="2024-12-17T11:44:54 IST" name="createSegmentCX" finished-at="2024-12-17T11:45:00 IST" duration-ms="6183" status="PASS">
          <reporter-output>
          </reporter-output>
        </test-method> <!-- createSegmentCX -->
        <test-method is-config="true" signature="close()[pri:0, instance:TestClass.CreateSegmentTest@6f1de4c7]" started-at="2024-12-17T11:45:00 IST" name="close" finished-at="2024-12-17T11:45:01 IST" duration-ms="393" status="PASS">
          <reporter-output>
          </reporter-output>
        </test-method> <!-- close -->
      </class> <!-- TestClass.CreateSegmentTest -->
      <class name="TestClass.LoginTest">
        <test-method is-config="true" signature="start()[pri:0, instance:TestClass.LoginTest@128d2484]" started-at="2024-12-17T11:45:10 IST" name="start" finished-at="2024-12-17T11:45:14 IST" duration-ms="3713" status="PASS">
          <reporter-output>
          </reporter-output>
        </test-method> <!-- start -->
        <test-method signature="userLoginAndLogOut()[pri:1, instance:TestClass.LoginTest@128d2484]" started-at="2024-12-17T11:45:14 IST" name="userLoginAndLogOut" finished-at="2024-12-17T11:45:24 IST" duration-ms="9932" status="PASS">
          <reporter-output>
          </reporter-output>
        </test-method> <!-- userLoginAndLogOut -->
        <test-method is-config="true" signature="close()[pri:0, instance:TestClass.LoginTest@128d2484]" started-at="2024-12-17T11:45:24 IST" name="close" finished-at="2024-12-17T11:45:24 IST" duration-ms="320" status="PASS">
          <reporter-output>
          </reporter-output>
        </test-method> <!-- close -->
      </class> <!-- TestClass.LoginTest -->
      <class name="TestClass.CreateTemplateTest">
        <test-method is-config="true" signature="loadPropertiesFile()[pri:0, instance:TestClass.CreateTemplateTest@313ac989]" started-at="2024-12-17T11:44:32 IST" name="loadPropertiesFile" finished-at="2024-12-17T11:44:32 IST" duration-ms="7" status="PASS">
          <reporter-output>
          </reporter-output>
        </test-method> <!-- loadPropertiesFile -->
        <test-method is-config="true" signature="start()[pri:0, instance:TestClass.CreateTemplateTest@313ac989]" started-at="2024-12-17T11:44:32 IST" name="start" finished-at="2024-12-17T11:44:36 IST" duration-ms="4451" status="PASS">
          <reporter-output>
          </reporter-output>
        </test-method> <!-- start -->
        <test-method signature="createTemplate()[pri:1, instance:TestClass.CreateTemplateTest@313ac989]" started-at="2024-12-17T11:44:36 IST" name="createTemplate" finished-at="2024-12-17T11:44:50 IST" duration-ms="13299" status="PASS">
          <reporter-output>
          </reporter-output>
        </test-method> <!-- createTemplate -->
        <test-method is-config="true" signature="close()[pri:0, instance:TestClass.CreateTemplateTest@313ac989]" started-at="2024-12-17T11:44:50 IST" name="close" finished-at="2024-12-17T11:44:50 IST" duration-ms="507" status="PASS">
          <reporter-output>
          </reporter-output>
        </test-method> <!-- close -->
      </class> <!-- TestClass.CreateTemplateTest -->
    </test> <!-- TestAll -->
  </suite> <!-- Suite -->
</testng-results>
