<?xml version="1.0" encoding="UTF-8"?>
<!-- Generated by org.testng.reporters.JUnitXMLReporter -->
<testsuite ignored="0" hostname="LPFKOL015150" failures="0" tests="1" name="testparallel1" time="0.561" errors="0" timestamp="2024-09-13T16:44:27 IST">
  <testcase classname="TestClass.CreateCampaignTest" name="@BeforeMethod start" time="0.001">
    <failure type="java.lang.Error" message="Unresolved compilation problem: 
	The method setUp(String) in the type BaseClass is not applicable for the arguments ()
">
      <![CDATA[java.lang.Error: Unresolved compilation problem: 
The method setUp(String) in the type BaseClass is not applicable for the arguments ()

at TestClass.CreateCampaignTest.start(CreateCampaignTest.java:23)
at java.base/java.util.ArrayList.forEach(ArrayList.java:1511)
at java.base/java.util.concurrent.FutureTask.run(FutureTask.java:264)
at java.base/java.util.concurrent.ThreadPoolExecutor.runWorker(ThreadPoolExecutor.java:1136)
at java.base/java.util.concurrent.ThreadPoolExecutor$Worker.run(ThreadPoolExecutor.java:635)
at java.base/java.lang.Thread.run(Thread.java:833)
... Removed 21 stack frames]]>
    </failure>
  </testcase> <!-- @BeforeMethod start -->
  <testcase classname="TestClass.CreateCampaignTest" name="@AfterMethod close" time="0.0">
    <skipped/>
  </testcase> <!-- @AfterMethod close -->
  <testcase classname="TestClass.CreateCampaignTest" name="createCampaignProcress" time="0.0">
    <skipped/>
  </testcase> <!-- createCampaignProcress -->
</testsuite> <!-- testparallel1 -->
